Using pre-set license
Built from '2020.3/release' branch; Version is '2020.3.1f1 (77a89f25062f) revision 7841951'; Using compiler version '192528614'; Build Type 'Release'
OS: 'Windows 10 Home; OS build 19042.928; Version 2009; 64bit' Language: 'en' Physical Memory: 7959 MB
BatchMode: 1, IsHumanControllingUs: 0, StartBugReporterOnCrash: 0, Is64bit: 1, IsPro: 0

 COMMAND LINE ARGUMENTS:
C:\Program Files\Unity\Hub\Editor\2020.3.1f1\Editor\Unity.exe
-adb2
-batchMode
-noUpm
-name
AssetImportWorker0
-projectPath
C:/Users/levit/Documents/GitHub/C--Unity-Projects/Solar_System
-logFile
Logs/AssetImportWorker0.log
-srvPort
51642
Successfully changed project path to: C:/Users/levit/Documents/GitHub/C--Unity-Projects/Solar_System
C:/Users/levit/Documents/GitHub/C--Unity-Projects/Solar_System
Using Asset Import Pipeline V2.
Refreshing native plugins compatible for Editor in 36.02 ms, found 0 plugins.
Preloading 0 native plugins for Editor in 0.00 ms.
Initialize engine version: 2020.3.1f1 (77a89f25062f)
[Subsystems] Discovering subsystems at path C:/Program Files/Unity/Hub/Editor/2020.3.1f1/Editor/Data/Resources/UnitySubsystems
[Subsystems] Discovering subsystems at path C:/Users/levit/Documents/GitHub/C--Unity-Projects/Solar_System/Assets
GfxDevice: creating device client; threaded=0
Direct3D:
    Version:  Direct3D 11.0 [level 11.1]
    Renderer: Intel(R) UHD Graphics (ID=0x8a56)
    Vendor:   
    VRAM:     3979 MB
    Driver:   26.20.100.7463
Initialize mono
Mono path[0] = 'C:/Program Files/Unity/Hub/Editor/2020.3.1f1/Editor/Data/Managed'
Mono path[1] = 'C:/Program Files/Unity/Hub/Editor/2020.3.1f1/Editor/Data/MonoBleedingEdge/lib/mono/unityjit'
Mono config path = 'C:/Program Files/Unity/Hub/Editor/2020.3.1f1/Editor/Data/MonoBleedingEdge/etc'
Using monoOptions --debugger-agent=transport=dt_socket,embedding=1,server=y,suspend=n,address=127.0.0.1:56580
Begin MonoManager ReloadAssembly
Registering precompiled unity dll's ...
Register platform support module: C:/Program Files/Unity/Hub/Editor/2020.3.1f1/Editor/Data/PlaybackEngines/WindowsStandaloneSupport/UnityEditor.WindowsStandalone.Extensions.dll
Registered in 0.001488 seconds.
Native extension for WindowsStandalone target not found
Refreshing native plugins compatible for Editor in 21.51 ms, found 0 plugins.
Preloading 0 native plugins for Editor in 0.00 ms.
Invoked RoslynAnalysisRunner static constructor.
RoslynAnalysisRunner will not be running.
RoslynAnalysisRunner has terminated.
Mono: successfully reloaded assembly
- Completed reload, in  1.050 seconds
Platform modules already initialized, skipping
Registering precompiled user dll's ...
Registered in 0.000535 seconds.
Begin MonoManager ReloadAssembly
Native extension for WindowsStandalone target not found
Refreshing native plugins compatible for Editor in 0.19 ms, found 0 plugins.
Preloading 0 native plugins for Editor in 0.00 ms.
Invoked RoslynAnalysisRunner static constructor.
RoslynAnalysisRunner will not be running.
RoslynAnalysisRunner has terminated.
Mono: successfully reloaded assembly
- Completed reload, in  0.855 seconds
Platform modules already initialized, skipping
========================================================================
Worker process is ready to serve import requests
Launched and connected shader compiler UnityShaderCompiler.exe after 0.13 seconds
Refreshing native plugins compatible for Editor in 0.18 ms, found 0 plugins.
Preloading 0 native plugins for Editor in 0.00 ms.
Unloading 1113 Unused Serialized files (Serialized files now loaded: 0)
System memory in use before: 56.9 MB.
System memory in use after: 57.0 MB.

Unloading 10 unused Assets to reduce memory usage. Loaded Objects now: 1555.
Total: 1.465100 ms (FindLiveObjects: 0.109500 ms CreateObjectMapping: 0.030100 ms MarkObjects: 1.179600 ms  DeleteObjects: 0.144600 ms)

========================================================================
Received Import Request.
  path: Assets/Materials
  artifactKey: Guid(9060583510630ef40a7ea7f5c0b3d5f1) Importer(815301076,1909f56bfc062723c751e8b465ee728b)
Start importing Assets/Materials using Guid(9060583510630ef40a7ea7f5c0b3d5f1) Importer(815301076,1909f56bfc062723c751e8b465ee728b)  -> (artifact id: '2af220de4d4ec0ee74ea42cc9910e8a1') in 0.030373 seconds
  Import took 0.049002 seconds .

========================================================================
Received Import Request.
  Time since last request: 32.207646 seconds.
  path: Assets/Scenes
  artifactKey: Guid(190c9754cf457db4aad0877bbd425167) Importer(815301076,1909f56bfc062723c751e8b465ee728b)
Start importing Assets/Scenes using Guid(190c9754cf457db4aad0877bbd425167) Importer(815301076,1909f56bfc062723c751e8b465ee728b)  -> (artifact id: '71294f1aecccb29097a6a960752e4873') in 0.011858 seconds
  Import took 0.136214 seconds .

========================================================================
Received Import Request.
  Time since last request: 0.233686 seconds.
  path: Assets/Materials/texture_earth.jpg
  artifactKey: Guid(212ab1c18feeb184abdff8f8be8b7e7f) Importer(815301076,1909f56bfc062723c751e8b465ee728b)
Start importing Assets/Materials/texture_earth.jpg using Guid(212ab1c18feeb184abdff8f8be8b7e7f) Importer(815301076,1909f56bfc062723c751e8b465ee728b)  -> (artifact id: '05941f2990ef661a7e057d1d0e29ec4c') in 0.897652 seconds
  Import took 0.917853 seconds .

========================================================================
Received Import Request.
  Time since last request: 0.000206 seconds.
  path: Assets/Materials/texture_saturn.jpg
  artifactKey: Guid(30f715c41cf370742b7953dd8ec15855) Importer(815301076,1909f56bfc062723c751e8b465ee728b)
Start importing Assets/Materials/texture_saturn.jpg using Guid(30f715c41cf370742b7953dd8ec15855) Importer(815301076,1909f56bfc062723c751e8b465ee728b)  -> (artifact id: '184a92a048ca4fd35c29abb950860c69') in 0.129131 seconds
  Import took 0.146218 seconds .

========================================================================
Received Import Request.
  Time since last request: 0.000216 seconds.
  path: Assets/Materials/texture_pluto.jpg
  artifactKey: Guid(ad31f919e61102b40a5933b480d44c14) Importer(815301076,1909f56bfc062723c751e8b465ee728b)
Start importing Assets/Materials/texture_pluto.jpg using Guid(ad31f919e61102b40a5933b480d44c14) Importer(815301076,1909f56bfc062723c751e8b465ee728b)  -> (artifact id: '15320918c5cb28c2ef9944dc4860498c') in 0.018000 seconds
  Import took 0.020520 seconds .

========================================================================
Received Import Request.
  Time since last request: 0.000240 seconds.
  path: Assets/Materials/texture_milkyway.jpg
  artifactKey: Guid(ddefaa2f50fb0fb4aa6dcdaaf7c7f3bf) Importer(815301076,1909f56bfc062723c751e8b465ee728b)
Start importing Assets/Materials/texture_milkyway.jpg using Guid(ddefaa2f50fb0fb4aa6dcdaaf7c7f3bf) Importer(815301076,1909f56bfc062723c751e8b465ee728b)  -> (artifact id: 'ca092f49bf0b2681dd7e7a69c2fa27da') in 0.018465 seconds
  Import took 0.021338 seconds .

========================================================================
Received Import Request.
  Time since last request: 0.000233 seconds.
  path: Assets/Materials/texture_mercury.jpg
  artifactKey: Guid(0c434dcc597ced247922519759dab43b) Importer(815301076,1909f56bfc062723c751e8b465ee728b)
Start importing Assets/Materials/texture_mercury.jpg using Guid(0c434dcc597ced247922519759dab43b) Importer(815301076,1909f56bfc062723c751e8b465ee728b)  -> (artifact id: '676ed1a737016b658e59cf1184f497b4') in 0.074885 seconds
  Import took 0.077881 seconds .

========================================================================
Received Import Request.
  Time since last request: 0.000233 seconds.
  path: Assets/Materials/texture_sun.jpg
  artifactKey: Guid(3b2db63d320e8b44eaa35e14f942a2c9) Importer(815301076,1909f56bfc062723c751e8b465ee728b)
Start importing Assets/Materials/texture_sun.jpg using Guid(3b2db63d320e8b44eaa35e14f942a2c9) Importer(815301076,1909f56bfc062723c751e8b465ee728b)  -> (artifact id: 'fc82caaa076ba6de87116a171b646049') in 0.182278 seconds
  Import took 0.192470 seconds .

========================================================================
Received Import Request.
  Time since last request: 0.000323 seconds.
  path: Assets/Materials/texture_mars.jpg
  artifactKey: Guid(0d950edbc2cf864498008264b59161b2) Importer(815301076,1909f56bfc062723c751e8b465ee728b)
Start importing Assets/Materials/texture_mars.jpg using Guid(0d950edbc2cf864498008264b59161b2) Importer(815301076,1909f56bfc062723c751e8b465ee728b)  -> (artifact id: 'cccf22edfa408012bbb9a4a10f988748') in 0.015176 seconds
  Import took 0.041241 seconds .

========================================================================
Received Import Request.
  Time since last request: 0.000382 seconds.
  path: Assets/Materials/texture_jupiter.jpg
  artifactKey: Guid(991397fe00260b14881d997c5cf5b535) Importer(815301076,1909f56bfc062723c751e8b465ee728b)
Start importing Assets/Materials/texture_jupiter.jpg using Guid(991397fe00260b14881d997c5cf5b535) Importer(815301076,1909f56bfc062723c751e8b465ee728b)  -> (artifact id: 'b7d788ab7a963a3cf06bce8076a8e7d4') in 0.026841 seconds
  Import took 0.029138 seconds .

========================================================================
Received Import Request.
  Time since last request: 0.000216 seconds.
  path: Assets/Materials/texture_neptune.jpg
  artifactKey: Guid(9faa91d8755e1a14ebe123f3e6e49f8f) Importer(815301076,1909f56bfc062723c751e8b465ee728b)
Start importing Assets/Materials/texture_neptune.jpg using Guid(9faa91d8755e1a14ebe123f3e6e49f8f) Importer(815301076,1909f56bfc062723c751e8b465ee728b)  -> (artifact id: 'da4da0ca2a260d93a6002aa883b3dbac') in 0.015989 seconds
  Import took 0.018820 seconds .

========================================================================
Received Import Request.
  Time since last request: 0.000236 seconds.
  path: Assets/Materials/texture_uranas.jpg
  artifactKey: Guid(e5426e6f15c011b41b1cb99038aada30) Importer(815301076,1909f56bfc062723c751e8b465ee728b)
Start importing Assets/Materials/texture_uranas.jpg using Guid(e5426e6f15c011b41b1cb99038aada30) Importer(815301076,1909f56bfc062723c751e8b465ee728b)  -> (artifact id: 'c697b224115877585e18aa07ae291cec') in 0.014556 seconds
  Import took 0.016963 seconds .

========================================================================
Received Import Request.
  Time since last request: 0.000913 seconds.
  path: Assets/Materials/texture_venus.jpg
  artifactKey: Guid(77fe61cd12854ac47b74a0304e337ba3) Importer(815301076,1909f56bfc062723c751e8b465ee728b)
Start importing Assets/Materials/texture_venus.jpg using Guid(77fe61cd12854ac47b74a0304e337ba3) Importer(815301076,1909f56bfc062723c751e8b465ee728b)  -> (artifact id: 'ef7f9d54ff7d701b7735659031613fc7') in 0.019425 seconds
  Import took 0.060002 seconds .

========================================================================
Received Import Request.
  Time since last request: 33.864002 seconds.
  path: Assets/Materials/Materials
  artifactKey: Guid(411ae54562f896e4281b503f8783faa5) Importer(815301076,1909f56bfc062723c751e8b465ee728b)
Start importing Assets/Materials/Materials using Guid(411ae54562f896e4281b503f8783faa5) Importer(815301076,1909f56bfc062723c751e8b465ee728b)  -> (artifact id: '0a535b550ef9b4c91555ced64caee84a') in 0.003691 seconds
  Import took 0.006941 seconds .

========================================================================
Received Import Request.
  Time since last request: 0.039487 seconds.
  path: Assets/Materials/Materials/texture_sun.mat
  artifactKey: Guid(205e4b2032a645c4680a8bfe176c21fd) Importer(815301076,1909f56bfc062723c751e8b465ee728b)
Start importing Assets/Materials/Materials/texture_sun.mat using Guid(205e4b2032a645c4680a8bfe176c21fd) Importer(815301076,1909f56bfc062723c751e8b465ee728b)  -> (artifact id: 'c69c13a35b1c96b7a01d7a70d863d079') in 0.157076 seconds
  Import took 0.159346 seconds .

========================================================================
Received Import Request.
  Time since last request: 17.010429 seconds.
  path: Assets/Textures/texture_moon.jpg
  artifactKey: Guid(3714256cde498cb429ca9b476d0fe153) Importer(815301076,1909f56bfc062723c751e8b465ee728b)
Start importing Assets/Textures/texture_moon.jpg using Guid(3714256cde498cb429ca9b476d0fe153) Importer(815301076,1909f56bfc062723c751e8b465ee728b)  -> (artifact id: '1bf43270f41bf9ce1b850b445ae554c4') in 0.015559 seconds
  Import took 0.069941 seconds .

========================================================================
Received Import Request.
  Time since last request: 568.251710 seconds.
  path: Assets/Textures/Materials/background.mat
  artifactKey: Guid(a311ad6df6b7b95468570307cf8d9312) Importer(815301076,1909f56bfc062723c751e8b465ee728b)
Start importing Assets/Textures/Materials/background.mat using Guid(a311ad6df6b7b95468570307cf8d9312) Importer(815301076,1909f56bfc062723c751e8b465ee728b)  -> (artifact id: '18f59081eec01ccd0dcbabfdbc60d522') in 0.017159 seconds
  Import took 0.020390 seconds .

========================================================================
Received Import Request.
  Time since last request: 468.163700 seconds.
  path: Assets/Textures/Materials/background.mat
  artifactKey: Guid(a311ad6df6b7b95468570307cf8d9312) Importer(815301076,1909f56bfc062723c751e8b465ee728b)
Start importing Assets/Textures/Materials/background.mat using Guid(a311ad6df6b7b95468570307cf8d9312) Importer(815301076,1909f56bfc062723c751e8b465ee728b)  -> (artifact id: 'a64045ee124e5e91db990c878197d276') in 0.032725 seconds
  Import took 0.107665 seconds .

========================================================================
Received Import Request.
  Time since last request: 94.486127 seconds.
  path: Assets/Scripts
  artifactKey: Guid(edd93ed1fa9c5ed418ea4fa6c02fe99e) Importer(815301076,1909f56bfc062723c751e8b465ee728b)
Start importing Assets/Scripts using Guid(edd93ed1fa9c5ed418ea4fa6c02fe99e) Importer(815301076,1909f56bfc062723c751e8b465ee728b)  -> (artifact id: '7abc96524ee846c9d4159ebc58ad2b72') in 0.012481 seconds
  Import took 0.015271 seconds .

========================================================================
Received Import Request.
  Time since last request: 11.315161 seconds.
  path: Assets
  artifactKey: Guid(00000000000000001000000000000000) Importer(815301076,1909f56bfc062723c751e8b465ee728b)
Start importing Assets using Guid(00000000000000001000000000000000) Importer(815301076,1909f56bfc062723c751e8b465ee728b)  -> (artifact id: 'a6374019befeac6ce670f13ba9960efb') in 0.011613 seconds
  Import took 0.014167 seconds .

========================================================================
Received Import Request.
  Time since last request: 9.898709 seconds.
  path: Assets/Scripts/RotateAround.cs
  artifactKey: Guid(baf15b14dc576e64c9a52070c41417ad) Importer(815301076,1909f56bfc062723c751e8b465ee728b)
Start importing Assets/Scripts/RotateAround.cs using Guid(baf15b14dc576e64c9a52070c41417ad) Importer(815301076,1909f56bfc062723c751e8b465ee728b)  -> (artifact id: 'acb3c0d416fa83be2b11579e41bbbf2a') in 0.122636 seconds
  Import took 0.203940 seconds .

========================================================================
Received Prepare
Registering precompiled user dll's ...
Registered in 0.000568 seconds.
Begin MonoManager ReloadAssembly
Native extension for WindowsStandalone target not found
Refreshing native plugins compatible for Editor in 0.19 ms, found 0 plugins.
Preloading 0 native plugins for Editor in 0.00 ms.
Invoked RoslynAnalysisRunner static constructor.
RoslynAnalysisRunner will not be running.
RoslynAnalysisRunner has terminated.
Mono: successfully reloaded assembly
- Completed reload, in  0.767 seconds
Platform modules already initialized, skipping
Refreshing native plugins compatible for Editor in 0.20 ms, found 0 plugins.
Preloading 0 native plugins for Editor in 0.00 ms.
Unloading 1109 Unused Serialized files (Serialized files now loaded: 0)
System memory in use before: 60.4 MB.
System memory in use after: 60.5 MB.

Unloading 5 unused Assets to reduce memory usage. Loaded Objects now: 1602.
Total: 1.562300 ms (FindLiveObjects: 0.143400 ms CreateObjectMapping: 0.035500 ms MarkObjects: 1.310600 ms  DeleteObjects: 0.071500 ms)

========================================================================
Received Import Request.
  Time since last request: 692.505759 seconds.
  path: Assets/Scripts/RotateAround.cs
  artifactKey: Guid(baf15b14dc576e64c9a52070c41417ad) Importer(815301076,1909f56bfc062723c751e8b465ee728b)
Start importing Assets/Scripts/RotateAround.cs using Guid(baf15b14dc576e64c9a52070c41417ad) Importer(815301076,1909f56bfc062723c751e8b465ee728b)  -> (artifact id: '04dc0ded9b4bff9b2b71a0d497f8f40c') in 0.008739 seconds
  Import took 0.012010 seconds .

========================================================================
Received Prepare
Registering precompiled user dll's ...
Registered in 0.000557 seconds.
Begin MonoManager ReloadAssembly
Native extension for WindowsStandalone target not found
Refreshing native plugins compatible for Editor in 0.20 ms, found 0 plugins.
Preloading 0 native plugins for Editor in 0.00 ms.
Invoked RoslynAnalysisRunner static constructor.
RoslynAnalysisRunner will not be running.
RoslynAnalysisRunner has terminated.
Mono: successfully reloaded assembly
- Completed reload, in  0.929 seconds
Platform modules already initialized, skipping
Refreshing native plugins compatible for Editor in 0.18 ms, found 0 plugins.
Preloading 0 native plugins for Editor in 0.00 ms.
Unloading 1109 Unused Serialized files (Serialized files now loaded: 0)
System memory in use before: 60.4 MB.
System memory in use after: 60.5 MB.

Unloading 5 unused Assets to reduce memory usage. Loaded Objects now: 1605.
Total: 4.528000 ms (FindLiveObjects: 0.164600 ms CreateObjectMapping: 0.037800 ms MarkObjects: 4.218600 ms  DeleteObjects: 0.105800 ms)

========================================================================
Received Prepare
Registering precompiled user dll's ...
Registered in 0.000948 seconds.
Begin MonoManager ReloadAssembly
Native extension for WindowsStandalone target not found
Refreshing native plugins compatible for Editor in 0.19 ms, found 0 plugins.
Preloading 0 native plugins for Editor in 0.00 ms.
Invoked RoslynAnalysisRunner static constructor.
RoslynAnalysisRunner will not be running.
RoslynAnalysisRunner has terminated.
Mono: successfully reloaded assembly
- Completed reload, in  0.867 seconds
Platform modules already initialized, skipping
Refreshing native plugins compatible for Editor in 0.20 ms, found 0 plugins.
Preloading 0 native plugins for Editor in 0.00 ms.
Unloading 1109 Unused Serialized files (Serialized files now loaded: 0)
System memory in use before: 60.5 MB.
System memory in use after: 60.5 MB.

Unloading 5 unused Assets to reduce memory usage. Loaded Objects now: 1608.
Total: 2.328900 ms (FindLiveObjects: 0.288300 ms CreateObjectMapping: 0.071500 ms MarkObjects: 1.889200 ms  DeleteObjects: 0.077800 ms)

========================================================================
Received Prepare
Registering precompiled user dll's ...
Registered in 0.000736 seconds.
Begin MonoManager ReloadAssembly
Native extension for WindowsStandalone target not found
Refreshing native plugins compatible for Editor in 0.19 ms, found 0 plugins.
Preloading 0 native plugins for Editor in 0.00 ms.
Invoked RoslynAnalysisRunner static constructor.
RoslynAnalysisRunner will not be running.
RoslynAnalysisRunner has terminated.
Mono: successfully reloaded assembly
- Completed reload, in  0.793 seconds
Platform modules already initialized, skipping
Refreshing native plugins compatible for Editor in 0.22 ms, found 0 plugins.
Preloading 0 native plugins for Editor in 0.00 ms.
Unloading 1109 Unused Serialized files (Serialized files now loaded: 0)
System memory in use before: 60.5 MB.
System memory in use after: 60.5 MB.

Unloading 5 unused Assets to reduce memory usage. Loaded Objects now: 1611.
Total: 1.871500 ms (FindLiveObjects: 0.189200 ms CreateObjectMapping: 0.039600 ms MarkObjects: 1.564100 ms  DeleteObjects: 0.076200 ms)

========================================================================
Received Prepare
Registering precompiled user dll's ...
Registered in 0.000761 seconds.
Begin MonoManager ReloadAssembly
Native extension for WindowsStandalone target not found
Refreshing native plugins compatible for Editor in 0.35 ms, found 0 plugins.
Preloading 0 native plugins for Editor in 0.00 ms.
Invoked RoslynAnalysisRunner static constructor.
RoslynAnalysisRunner will not be running.
RoslynAnalysisRunner has terminated.
Mono: successfully reloaded assembly
- Completed reload, in  0.770 seconds
Platform modules already initialized, skipping
Refreshing native plugins compatible for Editor in 0.29 ms, found 0 plugins.
Preloading 0 native plugins for Editor in 0.00 ms.
Unloading 1109 Unused Serialized files (Serialized files now loaded: 0)
System memory in use before: 60.5 MB.
System memory in use after: 60.6 MB.

Unloading 5 unused Assets to reduce memory usage. Loaded Objects now: 1614.
Total: 3.635500 ms (FindLiveObjects: 0.176200 ms CreateObjectMapping: 0.051600 ms MarkObjects: 3.281200 ms  DeleteObjects: 0.087300 ms)

========================================================================
Received Prepare
Registering precompiled user dll's ...
Registered in 0.000925 seconds.
Begin MonoManager ReloadAssembly
Native extension for WindowsStandalone target not found
Refreshing native plugins compatible for Editor in 0.24 ms, found 0 plugins.
Preloading 0 native plugins for Editor in 0.00 ms.
Invoked RoslynAnalysisRunner static constructor.
RoslynAnalysisRunner will not be running.
RoslynAnalysisRunner has terminated.
Mono: successfully reloaded assembly
- Completed reload, in  0.787 seconds
Platform modules already initialized, skipping
Refreshing native plugins compatible for Editor in 0.22 ms, found 0 plugins.
Preloading 0 native plugins for Editor in 0.00 ms.
Unloading 1109 Unused Serialized files (Serialized files now loaded: 0)
System memory in use before: 60.5 MB.
System memory in use after: 60.6 MB.

Unloading 5 unused Assets to reduce memory usage. Loaded Objects now: 1617.
Total: 1.825500 ms (FindLiveObjects: 0.144800 ms CreateObjectMapping: 0.079000 ms MarkObjects: 1.533800 ms  DeleteObjects: 0.066500 ms)

========================================================================
Received Prepare
Registering precompiled user dll's ...
Registered in 0.001035 seconds.
Begin MonoManager ReloadAssembly
Native extension for WindowsStandalone target not found
Refreshing native plugins compatible for Editor in 0.32 ms, found 0 plugins.
Preloading 0 native plugins for Editor in 0.00 ms.
Invoked RoslynAnalysisRunner static constructor.
RoslynAnalysisRunner will not be running.
RoslynAnalysisRunner has terminated.
Mono: successfully reloaded assembly
- Completed reload, in  1.898 seconds
Platform modules already initialized, skipping
Refreshing native plugins compatible for Editor in 0.25 ms, found 0 plugins.
Preloading 0 native plugins for Editor in 0.00 ms.
Unloading 1109 Unused Serialized files (Serialized files now loaded: 0)
System memory in use before: 60.5 MB.
System memory in use after: 60.6 MB.

Unloading 5 unused Assets to reduce memory usage. Loaded Objects now: 1620.
Total: 1.956100 ms (FindLiveObjects: 0.255300 ms CreateObjectMapping: 0.072400 ms MarkObjects: 1.553400 ms  DeleteObjects: 0.072100 ms)

========================================================================
Received Prepare
Registering precompiled user dll's ...
Registered in 0.037238 seconds.
Begin MonoManager ReloadAssembly
Native extension for WindowsStandalone target not found
Refreshing native plugins compatible for Editor in 0.19 ms, found 0 plugins.
Preloading 0 native plugins for Editor in 0.00 ms.
Invoked RoslynAnalysisRunner static constructor.
RoslynAnalysisRunner will not be running.
RoslynAnalysisRunner has terminated.
Mono: successfully reloaded assembly
- Completed reload, in  1.299 seconds
Platform modules already initialized, skipping
Refreshing native plugins compatible for Editor in 0.25 ms, found 0 plugins.
Preloading 0 native plugins for Editor in 0.00 ms.
Unloading 1109 Unused Serialized files (Serialized files now loaded: 0)
System memory in use before: 60.5 MB.
System memory in use after: 60.6 MB.

Unloading 5 unused Assets to reduce memory usage. Loaded Objects now: 1623.
Total: 1.525000 ms (FindLiveObjects: 0.170200 ms CreateObjectMapping: 0.031900 ms MarkObjects: 1.239000 ms  DeleteObjects: 0.082200 ms)

AssetImportWorkerClient::OnTransportError - code=2 error=End of file
